[ 2023-05-27 18:44:21,799 ] 54 root - INFO - --------------------------------------------------------------------------------
[ 2023-05-27 18:44:21,799 ] 55 root - INFO - train_score: 75.33333333333333
[ 2023-05-27 18:44:21,803 ] 59 root - INFO - --------------------------------------------------------------------------------
[ 2023-05-27 18:44:21,803 ] 60 root - INFO - test_score: 65.4320987654321
[ 2023-05-27 18:44:21,804 ] 63 root - INFO - --------------------------------------------------------------------------------
[ 2023-05-27 18:44:21,805 ] 64 root - INFO - predicted_val: ['No' 'No' 'Si' 'No' 'Si' 'No' 'No' 'No' 'Si' 'No' 'Si' 'No' 'No' 'Si'
 'No' 'No' 'Si' 'Si' 'No' 'No' 'No' 'No' 'No' 'No' 'Si' 'Si' 'No' 'No'
 'No' 'No' 'Si' 'No' 'No' 'No' 'No' 'Si' 'No' 'No' 'No' 'Si' 'No' 'Si'
 'Si' 'No' 'Si' 'Si' 'No' 'Si' 'No' 'No' 'No' 'No' 'No' 'No' 'No' 'No'
 'No' 'No' 'No' 'No' 'No' 'No' 'No' 'No' 'No' 'No' 'No' 'No' 'No' 'Si'
 'No' 'Si' 'Si' 'No' 'No' 'No' 'Si' 'Si' 'No' 'No' 'No' 'No' 'Si' 'No'
 'No' 'No' 'No' 'No' 'No' 'No' 'No' 'No' 'No' 'No' 'No' 'Si' 'Si' 'No'
 'No' 'No' 'No' 'No' 'No' 'No' 'No' 'No' 'No' 'No' 'Si' 'No' 'No' 'Si'
 'Si' 'No' 'No' 'No' 'No' 'No' 'No' 'No' 'Si' 'No' 'No' 'Si' 'No' 'No'
 'No' 'No' 'No' 'No' 'No' 'No' 'Si' 'No' 'Si' 'No' 'No' 'No' 'No' 'Si'
 'No' 'No' 'No' 'Si' 'Si' 'No' 'Si' 'No' 'No' 'No' 'No' 'Si' 'No' 'No'
 'No' 'No' 'Si' 'No' 'No' 'Si' 'Si' 'Si']
[ 2023-05-27 18:44:21,812 ] 76 root - INFO - --------------------------------------------------------------------------------
[ 2023-05-27 18:44:21,812 ] 77 root - INFO - precision value: [0.41358025 0.63414634 1.        ]
[ 2023-05-27 18:44:21,812 ] 78 root - INFO - --------------------------------------------------------------------------------
[ 2023-05-27 18:44:21,812 ] 79 root - INFO - recall value: [1.        0.3880597 0.       ]
